Test Case:
  Inputs:
    in_val1[0] = 1, in_val2[0] = 10
    in_val1[1] = 2, in_val2[1] = 20
    in_val1[2] = 3, in_val2[2] = 30
    in_val1[3] = 4, in_val2[3] = 40
    in_val1[4] = 5, in_val2[4] = 50
    in_val1[5] = 60, in_val2[5] = 6
    in_val1[6] = 70, in_val2[6] = 7
    in_val1[7] = 80, in_val2[7] = 8
    in_val1[8] = 90, in_val2[8] = 9
    in_val1[9] = 100, in_val2[9] = 10
  Outputs:
    out_result1 (cumulative sum of divisions) = 50
    out_result2 (cumulative sum of inverse divisions) = 50
  Verification:
    Expected out_result1 = 50
    Expected out_result2 = 50

C:\works\verilog\kria_prj\spi_add_100\vitis_hls\solution1\sim\verilog>set PATH= 

C:\works\verilog\kria_prj\spi_add_100\vitis_hls\solution1\sim\verilog>call G:/TOOLS/Xilinx/Vivado/2023.2/bin/xelab xil_defaultlib.apatb_divide_sum_top glbl -Oenable_linking_all_libraries  -prj divide_sum.prj -L smartconnect_v1_0 -L axi_protocol_checker_v1_1_12 -L axi_protocol_checker_v1_1_13 -L axis_protocol_checker_v1_1_11 -L axis_protocol_checker_v1_1_12 -L xil_defaultlib -L unisims_ver -L xpm  -L floating_point_v7_1_16 -L floating_point_v7_0_21 --lib "ieee_proposed=./ieee_proposed" -s divide_sum -debug all 
ECHO가 설정되어 있지 않습니다.
ECHO가 설정되어 있지 않습니다.
Vivado Simulator v2023.2
Copyright 1986-2022 Xilinx, Inc. All Rights Reserved.
Copyright 2022-2023 Advanced Micro Devices, Inc. All Rights Reserved.
Running: G:/TOOLS/Xilinx/Vivado/2023.2/bin/unwrapped/win64.o/xelab.exe xil_defaultlib.apatb_divide_sum_top glbl -Oenable_linking_all_libraries -prj divide_sum.prj -L smartconnect_v1_0 -L axi_protocol_checker_v1_1_12 -L axi_protocol_checker_v1_1_13 -L axis_protocol_checker_v1_1_11 -L axis_protocol_checker_v1_1_12 -L xil_defaultlib -L unisims_ver -L xpm -L floating_point_v7_1_16 -L floating_point_v7_0_21 --lib ieee_proposed=./ieee_proposed -s divide_sum -debug all 
Multi-threading is on. Using 10 slave threads.
INFO: [VRFC 10-2263] Analyzing SystemVerilog file "C:/works/verilog/kria_prj/spi_add_100/vitis_hls/solution1/sim/verilog/glbl.v" into library work
INFO: [VRFC 10-311] analyzing module glbl
INFO: [VRFC 10-2263] Analyzing SystemVerilog file "C:/works/verilog/kria_prj/spi_add_100/vitis_hls/solution1/sim/verilog/AESL_automem_in_val1.v" into library xil_defaultlib
INFO: [VRFC 10-311] analyzing module AESL_automem_in_val1
INFO: [VRFC 10-2263] Analyzing SystemVerilog file "C:/works/verilog/kria_prj/spi_add_100/vitis_hls/solution1/sim/verilog/AESL_automem_in_val2.v" into library xil_defaultlib
INFO: [VRFC 10-311] analyzing module AESL_automem_in_val2
INFO: [VRFC 10-2263] Analyzing SystemVerilog file "C:/works/verilog/kria_prj/spi_add_100/vitis_hls/solution1/sim/verilog/divide_sum.autotb.v" into library xil_defaultlib
INFO: [VRFC 10-311] analyzing module apatb_divide_sum_top
INFO: [VRFC 10-2263] Analyzing SystemVerilog file "C:/works/verilog/kria_prj/spi_add_100/vitis_hls/solution1/sim/verilog/divide_sum.v" into library xil_defaultlib
INFO: [VRFC 10-311] analyzing module divide_sum
INFO: [VRFC 10-2263] Analyzing SystemVerilog file "C:/works/verilog/kria_prj/spi_add_100/vitis_hls/solution1/sim/verilog/divide_sum_flow_control_loop_pipe.v" into library xil_defaultlib
INFO: [VRFC 10-311] analyzing module divide_sum_flow_control_loop_pipe
INFO: [VRFC 10-2263] Analyzing SystemVerilog file "C:/works/verilog/kria_prj/spi_add_100/vitis_hls/solution1/sim/verilog/divide_sum_sdiv_32ns_32ns_32_36_1.v" into library xil_defaultlib
INFO: [VRFC 10-311] analyzing module divide_sum_sdiv_32ns_32ns_32_36_1_divider
INFO: [VRFC 10-311] analyzing module divide_sum_sdiv_32ns_32ns_32_36_1
INFO: [VRFC 10-2263] Analyzing SystemVerilog file "C:/works/verilog/kria_prj/spi_add_100/vitis_hls/solution1/sim/verilog/dataflow_monitor.sv" into library xil_defaultlib
INFO: [VRFC 10-311] analyzing module dataflow_monitor
Starting static elaboration
Pass Through NonSizing Optimizer
Completed static elaboration
Starting simulation data flow analysis
Completed simulation data flow analysis
Time Resolution for simulation is 1ps
Compiling package xil_defaultlib.$unit_dataflow_monitor_sv
Compiling module xil_defaultlib.divide_sum_sdiv_32ns_32ns_32_36_...
Compiling module xil_defaultlib.divide_sum_sdiv_32ns_32ns_32_36_...
Compiling module xil_defaultlib.divide_sum_flow_control_loop_pip...
Compiling module xil_defaultlib.divide_sum
Compiling module xil_defaultlib.AESL_automem_in_val1
Compiling module xil_defaultlib.AESL_automem_in_val2
Compiling module xil_defaultlib.nodf_module_intf
Compiling module xil_defaultlib.upc_loop_intf(FSM_WIDTH=1)
Compiling module xil_defaultlib.dataflow_monitor_1
Compiling module xil_defaultlib.apatb_divide_sum_top
Compiling module work.glbl
Built simulation snapshot divide_sum
ECHO가 설정되어 있지 않습니다.
ECHO가 설정되어 있지 않습니다.

****** xsim v2023.2 (64-bit)
  **** SW Build 4029153 on Fri Oct 13 20:14:34 MDT 2023
  **** IP Build 4028589 on Sat Oct 14 00:45:43 MDT 2023
  **** SharedData Build 4025554 on Tue Oct 10 17:18:54 MDT 2023
    ** Copyright 1986-2022 Xilinx, Inc. All Rights Reserved.
    ** Copyright 2022-2023 Advanced Micro Devices, Inc. All Rights Reserved.

start_gui
INFO: [Common 17-206] Exiting xsim at Tue Jul 16 11:45:59 2024...
Test Case:
  Inputs:
    in_val1[0] = 1, in_val2[0] = 10
    in_val1[1] = 2, in_val2[1] = 20
    in_val1[2] = 3, in_val2[2] = 30
    in_val1[3] = 4, in_val2[3] = 40
    in_val1[4] = 5, in_val2[4] = 50
    in_val1[5] = 60, in_val2[5] = 6
    in_val1[6] = 70, in_val2[6] = 7
    in_val1[7] = 80, in_val2[7] = 8
    in_val1[8] = 90, in_val2[8] = 9
    in_val1[9] = 100, in_val2[9] = 10
  Outputs:
    out_result1 (cumulative sum of divisions) = 50
    out_result2 (cumulative sum of inverse divisions) = 50
  Verification:
    Expected out_result1 = 50
    Expected out_result2 = 50
